# JRE version: Java(TM) SE Runtime Environment (17.0.11+7) (build 17.0.11+7-LTS-207)
# Java VM: Java HotSpot(TM) 64-Bit Server VM (17.0.11+7-LTS-207, mixed mode, sharing, tiered, compressed oops, compressed class ptrs, g1 gc, windows-amd64)
GC Precious Log:
 CPUs: 8 total, 8 available
 Memory: 12163M
 Large Page Support: Disabled
 NUMA Support: Disabled
 Compressed Oops: Enabled (Zero based)
 Heap Region Size: 2M
 Heap Min Capacity: 8M
 Heap Initial Capacity: 192M
 Heap Max Capacity: 3042M
 Pre-touch: Disabled
 Parallel Workers: 8
 Concurrent Workers: 2
 Concurrent Refinement Workers: 8
 Periodic GC: Disabled
Heap:
 garbage-first heap   total 256000K, used 189840K [0x0000000741e00000, 0x0000000800000000)
  region size 2048K, 28 young (57344K), 3 survivors (6144K)
 Metaspace       used 99795K, committed 101248K, reserved 1179648K
  class space    used 12769K, committed 13504K, reserved 1048576K
GC Heap History (20 events):
Event: 1297.495 GC heap before
{Heap before GC invocations=112 (full 11):
 garbage-first heap   total 212992K, used 173215K [0x0000000741e00000, 0x0000000800000000)
  region size 2048K, 26 young (53248K), 2 survivors (4096K)
 Metaspace       used 98324K, committed 99648K, reserved 1179648K
  class space    used 12658K, committed 13376K, reserved 1048576K
}
Event: 1297.502 GC heap after
{Heap after GC invocations=113 (full 11):
 garbage-first heap   total 256000K, used 125362K [0x0000000741e00000, 0x0000000800000000)
  region size 2048K, 3 young (6144K), 3 survivors (6144K)
 Metaspace       used 98324K, committed 99648K, reserved 1179648K
  class space    used 12658K, committed 13376K, reserved 1048576K
}
Event: 1453.467 GC heap before
{Heap before GC invocations=113 (full 11):
 garbage-first heap   total 256000K, used 176562K [0x0000000741e00000, 0x0000000800000000)
  region size 2048K, 29 young (59392K), 3 survivors (6144K)
 Metaspace       used 98341K, committed 99776K, reserved 1179648K
  class space    used 12660K, committed 13376K, reserved 1048576K
}
Event: 1453.636 GC heap after
{Heap after GC invocations=114 (full 12):
 garbage-first heap   total 256000K, used 119751K [0x0000000741e00000, 0x0000000800000000)
  region size 2048K, 0 young (0K), 0 survivors (0K)
 Metaspace       used 98341K, committed 99776K, reserved 1179648K
  class space    used 12660K, committed 13376K, reserved 1048576K
}
Event: 1454.756 GC heap before
{Heap before GC invocations=114 (full 12):
 garbage-first heap   total 256000K, used 207815K [0x0000000741e00000, 0x0000000800000000)
  region size 2048K, 44 young (90112K), 0 survivors (0K)
 Metaspace       used 98496K, committed 99904K, reserved 1179648K
  class space    used 12676K, committed 13376K, reserved 1048576K
}
Event: 1454.763 GC heap after
{Heap after GC invocations=115 (full 12):
 garbage-first heap   total 256000K, used 125365K [0x0000000741e00000, 0x0000000800000000)
  region size 2048K, 3 young (6144K), 3 survivors (6144K)
 Metaspace       used 98496K, committed 99904K, reserved 1179648K
  class space    used 12676K, committed 13376K, reserved 1048576K
}
Event: 1461.900 GC heap before
{Heap before GC invocations=115 (full 12):
 garbage-first heap   total 256000K, used 207285K [0x0000000741e00000, 0x0000000800000000)
  region size 2048K, 44 young (90112K), 3 survivors (6144K)
 Metaspace       used 98685K, committed 100032K, reserved 1179648K
  class space    used 12694K, committed 13376K, reserved 1048576K
}
Event: 1461.909 GC heap after
{Heap after GC invocations=116 (full 12):
 garbage-first heap   total 256000K, used 129222K [0x0000000741e00000, 0x0000000800000000)
  region size 2048K, 5 young (10240K), 5 survivors (10240K)
 Metaspace       used 98685K, committed 100032K, reserved 1179648K
  class space    used 12694K, committed 13376K, reserved 1048576K
}
Event: 1462.982 GC heap before
{Heap before GC invocations=116 (full 12):
 garbage-first heap   total 256000K, used 209094K [0x0000000741e00000, 0x0000000800000000)
  region size 2048K, 44 young (90112K), 5 survivors (10240K)
 Metaspace       used 98947K, committed 100352K, reserved 1179648K
  class space    used 12710K, committed 13440K, reserved 1048576K
}
Event: 1462.992 GC heap after
{Heap after GC invocations=117 (full 12):
 garbage-first heap   total 256000K, used 132774K [0x0000000741e00000, 0x0000000800000000)
  region size 2048K, 5 young (10240K), 5 survivors (10240K)
 Metaspace       used 98947K, committed 100352K, reserved 1179648K
  class space    used 12710K, committed 13440K, reserved 1048576K
}
Event: 1463.528 GC heap before
{Heap before GC invocations=117 (full 12):
 garbage-first heap   total 256000K, used 206502K [0x0000000741e00000, 0x0000000800000000)
  region size 2048K, 41 young (83968K), 5 survivors (10240K)
 Metaspace       used 99147K, committed 100544K, reserved 1179648K
  class space    used 12724K, committed 13440K, reserved 1048576K
}
Event: 1463.536 GC heap after
{Heap after GC invocations=118 (full 12):
 garbage-first heap   total 256000K, used 134590K [0x0000000741e00000, 0x0000000800000000)
  region size 2048K, 4 young (8192K), 4 survivors (8192K)
 Metaspace       used 99147K, committed 100544K, reserved 1179648K
  class space    used 12724K, committed 13440K, reserved 1048576K
}
Event: 1481.146 GC heap before
{Heap before GC invocations=118 (full 12):
 garbage-first heap   total 256000K, used 206270K [0x0000000741e00000, 0x0000000800000000)
  region size 2048K, 40 young (81920K), 4 survivors (8192K)
 Metaspace       used 99184K, committed 100608K, reserved 1179648K
  class space    used 12725K, committed 13440K, reserved 1048576K
}
Event: 1481.329 GC heap after
{Heap after GC invocations=119 (full 13):
 garbage-first heap   total 256000K, used 130083K [0x0000000741e00000, 0x0000000800000000)
  region size 2048K, 0 young (0K), 0 survivors (0K)
 Metaspace       used 99184K, committed 100608K, reserved 1179648K
  class space    used 12725K, committed 13440K, reserved 1048576K
}
Event: 1482.730 GC heap before
{Heap before GC invocations=119 (full 13):
 garbage-first heap   total 256000K, used 212003K [0x0000000741e00000, 0x0000000800000000)
  region size 2048K, 40 young (81920K), 0 survivors (0K)
 Metaspace       used 99339K, committed 100736K, reserved 1179648K
  class space    used 12741K, committed 13440K, reserved 1048576K
}
Event: 1482.737 GC heap after
{Heap after GC invocations=120 (full 13):
 garbage-first heap   total 256000K, used 135626K [0x0000000741e00000, 0x0000000800000000)
  region size 2048K, 3 young (6144K), 3 survivors (6144K)
 Metaspace       used 99339K, committed 100736K, reserved 1179648K
  class space    used 12741K, committed 13440K, reserved 1048576K
}
Event: 1483.409 GC heap before
{Heap before GC invocations=120 (full 13):
 garbage-first heap   total 256000K, used 211402K [0x0000000741e00000, 0x0000000800000000)
  region size 2048K, 40 young (81920K), 3 survivors (6144K)
 Metaspace       used 99723K, committed 101184K, reserved 1179648K
  class space    used 12765K, committed 13504K, reserved 1048576K
}
Event: 1483.416 GC heap after
{Heap after GC invocations=121 (full 13):
 garbage-first heap   total 256000K, used 138407K [0x0000000741e00000, 0x0000000800000000)
  region size 2048K, 5 young (10240K), 5 survivors (10240K)
 Metaspace       used 99723K, committed 101184K, reserved 1179648K
  class space    used 12765K, committed 13504K, reserved 1048576K
}
Event: 1483.904 GC heap before
{Heap before GC invocations=121 (full 13):
 garbage-first heap   total 256000K, used 212135K [0x0000000741e00000, 0x0000000800000000)
  region size 2048K, 41 young (83968K), 5 survivors (10240K)
 Metaspace       used 99763K, committed 101184K, reserved 1179648K
  class space    used 12768K, committed 13504K, reserved 1048576K
}
Event: 1483.911 GC heap after
{Heap after GC invocations=122 (full 13):
 garbage-first heap   total 256000K, used 140688K [0x0000000741e00000, 0x0000000800000000)
  region size 2048K, 3 young (6144K), 3 survivors (6144K)
 Metaspace       used 99763K, committed 101184K, reserved 1179648K
  class space    used 12768K, committed 13504K, reserved 1048576K
}

